Namespace(gpu_id=1, dataset='ogbn-arxiv', dis_metric='ours', epochs=1000, nlayers=2, hidden=256, lr_adj=0.01, lr_feat=0.01, lr_model=0.01, weight_decay=0.0, dropout=0.5, normalize_features=True, keep_ratio=1.0, reduction_rate=0.1, seed=1, alpha=0, debug=0, sgc=1, inner=10, outer=20, save=1, model='GCN')
WARNING:root:The OGB package is out of date. Your version is 1.3.4, while the latest version is 1.3.5.
pyg_data: Data(num_nodes=169343, x=[169343, 128], node_year=[169343, 1], y=[169343, 1], adj_t=[169343, 169343, nnz=1166243])
split_index: {'train': tensor([     0,      1,      2,  ..., 169145, 169148, 169251]), 'valid': tensor([   349,    357,    366,  ..., 169185, 169261, 169296]), 'test': tensor([   346,    398,    451,  ..., 169340, 169341, 169342])}
train val test的长度: 90941 29799 48603
size of adj_train: (90941, 90941)
edges in adj_train: 738066.0
/home/xzb/GCond/gcond_agent_transduct.py:37: UserWarning: Creating a tensor from a list of numpy.ndarrays is extremely slow. Please consider converting the list to a single numpy.ndarray with numpy.array() before converting to a tensor. (Triggered internally at  /opt/conda/conda-bld/pytorch_1656352660876/work/torch/csrc/utils/tensor_new.cpp:201.)
  indices = torch.tensor([np.arange(n), np.arange(n)], dtype=torch.int64)
adj_syn: (9078, 9078) feat_syn: torch.Size([9078, 128])
开始图凝聚！
Epoch 100, 梯度匹配loss_avg: 1.6618057632446288
Train set results: loss= 1.2503 accuracy= 0.6552
Test set results: loss= 1.2761 accuracy= 0.6270
Epoch 200, 梯度匹配loss_avg: 1.3701111030578614
Train set results: loss= 1.2286 accuracy= 0.6645
Test set results: loss= 1.2798 accuracy= 0.6269
Epoch 300, 梯度匹配loss_avg: 1.3224695014953614
Train set results: loss= 1.2900 accuracy= 0.6636
Test set results: loss= 1.3665 accuracy= 0.6294
Epoch 400, 梯度匹配loss_avg: 1.1867168426513672
Train set results: loss= 1.3338 accuracy= 0.6666
Test set results: loss= 1.4277 accuracy= 0.6372
Epoch 500, 梯度匹配loss_avg: 1.30755859375
Train set results: loss= 1.3546 accuracy= 0.6712
Test set results: loss= 1.4677 accuracy= 0.6378
Epoch 600, 梯度匹配loss_avg: 1.2909076690673829
Train set results: loss= 1.3783 accuracy= 0.6683
Test set results: loss= 1.4986 accuracy= 0.6407
Epoch 700, 梯度匹配loss_avg: 1.200737819671631
Train set results: loss= 1.4011 accuracy= 0.6724
Test set results: loss= 1.5363 accuracy= 0.6399
Epoch 800, 梯度匹配loss_avg: 1.290363178253174
Train set results: loss= 1.4227 accuracy= 0.6709
Test set results: loss= 1.5736 accuracy= 0.6298
Epoch 900, 梯度匹配loss_avg: 1.2827269744873047
Train set results: loss= 1.4552 accuracy= 0.6703
Test set results: loss= 1.5997 accuracy= 0.6431
Epoch 1000, 梯度匹配loss_avg: 1.205473861694336
Train set results: loss= 1.4543 accuracy= 0.6715
Test set results: loss= 1.6046 accuracy= 0.6258
图凝聚用时: 34183 秒
