Namespace(gpu_id=1, dataset='ogbn-arxiv', dis_metric='ours', epochs=2000, nlayers=2, hidden=256, lr_adj=0.01, lr_feat=0.01, lr_model=0.01, weight_decay=0.0, dropout=0.5, normalize_features=True, keep_ratio=1.0, reduction_rate=0.02, seed=1, alpha=0, debug=0, sgc=1, inner=10, outer=20, save=1, model='GCN')
pyg_data: Data(num_nodes=169343, x=[169343, 128], node_year=[169343, 1], y=[169343, 1], adj_t=[169343, 169343, nnz=1166243])
split_index: {'train': tensor([     0,      1,      2,  ..., 169145, 169148, 169251]), 'valid': tensor([   349,    357,    366,  ..., 169185, 169261, 169296]), 'test': tensor([   346,    398,    451,  ..., 169340, 169341, 169342])}
train val test的长度: 90941 29799 48603
size of adj_train: (90941, 90941)
edges in adj_train: 738066.0
adj_syn: (1802, 1802) feat_syn: torch.Size([1802, 128])
开始图凝聚！
WARNING:root:The OGB package is out of date. Your version is 1.3.4, while the latest version is 1.3.5.
Epoch 100, 梯度匹配loss_avg: 1.1215922737121582
Train set results: loss= 1.5076 accuracy= 0.6034
Test set results: loss= 1.4883 accuracy= 0.6088
Epoch 200, 梯度匹配loss_avg: 0.8855398559570312
Train set results: loss= 1.4886 accuracy= 0.6128
Test set results: loss= 1.5282 accuracy= 0.6135
Epoch 300, 梯度匹配loss_avg: 0.8292523193359375
Train set results: loss= 1.4922 accuracy= 0.6165
Test set results: loss= 1.5674 accuracy= 0.6110
Epoch 400, 梯度匹配loss_avg: 0.8856653594970703
Train set results: loss= 1.5134 accuracy= 0.6160
Test set results: loss= 1.6394 accuracy= 0.5955
Epoch 500, 梯度匹配loss_avg: 0.8173453521728515
Train set results: loss= 1.5014 accuracy= 0.6202
Test set results: loss= 1.6308 accuracy= 0.5944
Epoch 600, 梯度匹配loss_avg: 0.7299183082580566
Train set results: loss= 1.4961 accuracy= 0.6265
Test set results: loss= 1.6211 accuracy= 0.6128
Epoch 700, 梯度匹配loss_avg: 0.8275042724609375
Train set results: loss= 1.4983 accuracy= 0.6223
Test set results: loss= 1.5987 accuracy= 0.6111
Epoch 800, 梯度匹配loss_avg: 0.7798924350738525
Train set results: loss= 1.5002 accuracy= 0.6320
Test set results: loss= 1.6298 accuracy= 0.6221
Epoch 900, 梯度匹配loss_avg: 0.7658233070373535
Train set results: loss= 1.4956 accuracy= 0.6335
Test set results: loss= 1.6177 accuracy= 0.6339
Epoch 1000, 梯度匹配loss_avg: 0.6925586605072022
Train set results: loss= 1.4990 accuracy= 0.6292
Test set results: loss= 1.6335 accuracy= 0.6192
Epoch 1100, 梯度匹配loss_avg: 0.7189992427825928
Train set results: loss= 1.4964 accuracy= 0.6344
Test set results: loss= 1.6365 accuracy= 0.6097
Epoch 1200, 梯度匹配loss_avg: 0.6841016483306884
Train set results: loss= 1.5040 accuracy= 0.6366
Test set results: loss= 1.6140 accuracy= 0.6333
Epoch 1300, 梯度匹配loss_avg: 0.7263406181335449
Train set results: loss= 1.4735 accuracy= 0.6381
Test set results: loss= 1.5861 accuracy= 0.6225
Epoch 1400, 梯度匹配loss_avg: 0.7463242435455322
Train set results: loss= 1.4917 accuracy= 0.6352
Test set results: loss= 1.6106 accuracy= 0.6291
Epoch 1500, 梯度匹配loss_avg: 0.8005340099334717
Train set results: loss= 1.4957 accuracy= 0.6312
Test set results: loss= 1.6020 accuracy= 0.6377
Epoch 1600, 梯度匹配loss_avg: 0.6389629364013671
Train set results: loss= 1.4946 accuracy= 0.6285
Test set results: loss= 1.6364 accuracy= 0.5973
Epoch 1700, 梯度匹配loss_avg: 0.7198394966125489
Train set results: loss= 1.4689 accuracy= 0.6369
Test set results: loss= 1.6010 accuracy= 0.6288
Epoch 1800, 梯度匹配loss_avg: 0.7005443286895752
Train set results: loss= 1.4877 accuracy= 0.6275
Test set results: loss= 1.6099 accuracy= 0.6156
Epoch 1900, 梯度匹配loss_avg: 0.7080137348175048
Train set results: loss= 1.4776 accuracy= 0.6286
Test set results: loss= 1.5694 accuracy= 0.6238
Epoch 2000, 梯度匹配loss_avg: 0.66969970703125
Train set results: loss= 1.4644 accuracy= 0.6373
Test set results: loss= 1.5621 accuracy= 0.6179
图凝聚用时: 35801 秒
