Namespace(gpu_id=2, dataset='ogbn-arxiv', dis_metric='ours', epochs=2000, nlayers=2, hidden=256, lr_adj=0.01, lr_feat=0.01, lr_model=0.01, weight_decay=0.0, dropout=0.5, normalize_features=True, keep_ratio=1.0, reduction_rate=0.01, seed=1, alpha=0, debug=0, sgc=1, inner=10, outer=20, save=1, model='GCN')
WARNING:root:The OGB package is out of date. Your version is 1.3.4, while the latest version is 1.3.5.
pyg_data: Data(num_nodes=169343, x=[169343, 128], node_year=[169343, 1], y=[169343, 1], adj_t=[169343, 169343, nnz=1166243])
split_index: {'train': tensor([     0,      1,      2,  ..., 169145, 169148, 169251]), 'valid': tensor([   349,    357,    366,  ..., 169185, 169261, 169296]), 'test': tensor([   346,    398,    451,  ..., 169340, 169341, 169342])}
train val test的长度: 90941 29799 48603
size of adj_train: (90941, 90941)
edges in adj_train: 738066.0
adj_syn: (892, 892) feat_syn: torch.Size([892, 128])
开始图凝聚！
Epoch 100, 梯度匹配loss_avg: 1.3044707870483399
Train set results: loss= 1.5057 accuracy= 0.6027
Test set results: loss= 1.5168 accuracy= 0.5967
Epoch 200, 梯度匹配loss_avg: 1.0274661827087401
Train set results: loss= 1.4912 accuracy= 0.6027
Test set results: loss= 1.5266 accuracy= 0.6079
Epoch 300, 梯度匹配loss_avg: 0.9498238563537598
Train set results: loss= 1.4563 accuracy= 0.6118
Test set results: loss= 1.4877 accuracy= 0.6264
Epoch 400, 梯度匹配loss_avg: 1.0085404777526856
Train set results: loss= 1.4663 accuracy= 0.6139
Test set results: loss= 1.5574 accuracy= 0.6107
Epoch 500, 梯度匹配loss_avg: 0.9277478218078613
Train set results: loss= 1.4557 accuracy= 0.6169
Test set results: loss= 1.5543 accuracy= 0.6164
Epoch 600, 梯度匹配loss_avg: 0.8349863052368164
Train set results: loss= 1.4557 accuracy= 0.6204
Test set results: loss= 1.5492 accuracy= 0.6227
Epoch 700, 梯度匹配loss_avg: 0.9371103858947754
Train set results: loss= 1.4654 accuracy= 0.6152
Test set results: loss= 1.5530 accuracy= 0.6225
Epoch 800, 梯度匹配loss_avg: 0.8919338035583496
Train set results: loss= 1.4578 accuracy= 0.6184
Test set results: loss= 1.5529 accuracy= 0.6261
Epoch 900, 梯度匹配loss_avg: 0.8671881294250489
Train set results: loss= 1.4498 accuracy= 0.6141
Test set results: loss= 1.5043 accuracy= 0.6333
Epoch 1000, 梯度匹配loss_avg: 0.7899665832519531
Train set results: loss= 1.4541 accuracy= 0.6129
Test set results: loss= 1.5409 accuracy= 0.6119
Epoch 1100, 梯度匹配loss_avg: 0.8288635444641114
Train set results: loss= 1.4710 accuracy= 0.6171
Test set results: loss= 1.5754 accuracy= 0.6115
Epoch 1200, 梯度匹配loss_avg: 0.7883856678009034
Train set results: loss= 1.4911 accuracy= 0.6060
Test set results: loss= 1.5681 accuracy= 0.6088
Epoch 1300, 梯度匹配loss_avg: 0.8348815727233887
Train set results: loss= 1.4747 accuracy= 0.6115
Test set results: loss= 1.5764 accuracy= 0.6016
Epoch 1400, 梯度匹配loss_avg: 0.8471367454528809
Train set results: loss= 1.4841 accuracy= 0.6069
Test set results: loss= 1.5938 accuracy= 0.5761
Epoch 1500, 梯度匹配loss_avg: 0.9009500122070313
Train set results: loss= 1.4722 accuracy= 0.6113
Test set results: loss= 1.5539 accuracy= 0.6179
Epoch 1600, 梯度匹配loss_avg: 0.7389471244812011
Train set results: loss= 1.4697 accuracy= 0.6157
Test set results: loss= 1.5663 accuracy= 0.5978
Epoch 1700, 梯度匹配loss_avg: 0.8183479690551758
Train set results: loss= 1.4583 accuracy= 0.6157
Test set results: loss= 1.5353 accuracy= 0.6103
Epoch 1800, 梯度匹配loss_avg: 0.7992335891723633
Train set results: loss= 1.4888 accuracy= 0.6073
Test set results: loss= 1.5687 accuracy= 0.6185
Epoch 1900, 梯度匹配loss_avg: 0.808470516204834
Train set results: loss= 1.4266 accuracy= 0.6221
Test set results: loss= 1.4549 accuracy= 0.6252
Epoch 2000, 梯度匹配loss_avg: 0.7694639873504638
Train set results: loss= 1.4598 accuracy= 0.6147
Test set results: loss= 1.5182 accuracy= 0.5957
图凝聚用时: 35401 秒
