Namespace(gpu_id=1, dataset='ogbn-arxiv', dis_metric='ours', epochs=1000, nlayers=2, hidden=256, lr_adj=0.01, lr_feat=0.01, lr_model=0.01, weight_decay=0.0, dropout=0.5, normalize_features=True, keep_ratio=1.0, reduction_rate=0.1, seed=1, alpha=0, debug=0, sgc=1, inner=10, outer=20, save=1, model='GCN')
WARNING:root:The OGB package is out of date. Your version is 1.3.4, while the latest version is 1.3.5.
pyg_data: Data(num_nodes=169343, x=[169343, 128], node_year=[169343, 1], y=[169343, 1], adj_t=[169343, 169343, nnz=1166243])
split_index: {'train': tensor([     0,      1,      2,  ..., 169145, 169148, 169251]), 'valid': tensor([   349,    357,    366,  ..., 169185, 169261, 169296]), 'test': tensor([   346,    398,    451,  ..., 169340, 169341, 169342])}
train val test的长度: 90941 29799 48603
size of adj_train: (90941, 90941)
edges in adj_train: 738066.0
/home/xzb/GCond/gcond_agent_transduct.py:37: UserWarning: Creating a tensor from a list of numpy.ndarrays is extremely slow. Please consider converting the list to a single numpy.ndarray with numpy.array() before converting to a tensor. (Triggered internally at  /opt/conda/conda-bld/pytorch_1656352660876/work/torch/csrc/utils/tensor_new.cpp:201.)
  indices = torch.tensor([np.arange(n), np.arange(n)], dtype=torch.int64)
adj_syn: (9078, 9078) feat_syn: torch.Size([9078, 128])
开始图凝聚！
Epoch 100, 梯度匹配loss_avg: 1.7247452545166015
Train set results: loss= 1.2401 accuracy= 0.6536
Test set results: loss= 1.2488 accuracy= 0.6265
Epoch 200, 梯度匹配loss_avg: 1.420866928100586
Train set results: loss= 1.3005 accuracy= 0.6560
Test set results: loss= 1.3514 accuracy= 0.6289
Epoch 300, 梯度匹配loss_avg: 1.372738094329834
Train set results: loss= 1.2570 accuracy= 0.6630
Test set results: loss= 1.3090 accuracy= 0.6295
Epoch 400, 梯度匹配loss_avg: 1.2336307525634767
Train set results: loss= 1.2343 accuracy= 0.6687
Test set results: loss= 1.2909 accuracy= 0.6378
Epoch 500, 梯度匹配loss_avg: 1.3531128120422364
Train set results: loss= 1.3016 accuracy= 0.6697
Test set results: loss= 1.3883 accuracy= 0.6371
Epoch 600, 梯度匹配loss_avg: 1.3346145820617676
Train set results: loss= 1.3206 accuracy= 0.6682
Test set results: loss= 1.4118 accuracy= 0.6394
Epoch 700, 梯度匹配loss_avg: 1.2514984512329101
Train set results: loss= 1.3409 accuracy= 0.6709
Test set results: loss= 1.4458 accuracy= 0.6376
Epoch 800, 梯度匹配loss_avg: 1.3325689125061035
Train set results: loss= 1.3559 accuracy= 0.6709
Test set results: loss= 1.4757 accuracy= 0.6305
Epoch 900, 梯度匹配loss_avg: 1.3261790466308594
Train set results: loss= 1.3867 accuracy= 0.6695
Test set results: loss= 1.5029 accuracy= 0.6407
Epoch 1000, 梯度匹配loss_avg: 1.244980926513672
Train set results: loss= 1.3899 accuracy= 0.6694
Test set results: loss= 1.5105 accuracy= 0.6255
图凝聚用时: 21385 秒
