Namespace(gpu_id=1, dataset='ogbn-products', dis_metric='ours', epochs=2000, nlayers=2, hidden=256, lr_adj=0.01, lr_feat=0.01, lr_model=0.01, weight_decay=0.0, dropout=0.5, normalize_features=True, keep_ratio=1.0, reduction_rate=0.005, seed=1, alpha=0, debug=0, sgc=1, inner=10, outer=20, save=1, model='GCN')
WARNING:root:The OGB package is out of date. Your version is 1.3.4, while the latest version is 1.3.5.
pyg_data: Data(num_nodes=2449029, x=[2449029, 100], y=[2449029, 1], adj_t=[2449029, 2449029, nnz=123718280])
split_index: {'train': tensor([     0,      1,      2,  ..., 196612, 196613, 196614]), 'valid': tensor([196615, 196616, 196617,  ..., 235935, 235936, 235937]), 'test': tensor([ 235938,  235939,  235940,  ..., 2449026, 2449027, 2449028])}
size of adj_train: (196615, 196615)
edges in adj_train: 10903246.0
adj_syn: (987, 987) feat_syn: torch.Size([987, 100])
开始图凝聚！
Epoch 100, 梯度匹配loss_avg: 3.4939992052443483
Train set results: loss= 2.4026 accuracy= 0.4995
Test set results: loss= 3.1657 accuracy= 0.3442
Epoch 200, 梯度匹配loss_avg: 3.210149756898271
Train set results: loss= 2.2691 accuracy= 0.5189
Test set results: loss= 3.0572 accuracy= 0.3643
Epoch 300, 梯度匹配loss_avg: 3.0305247205369015
Train set results: loss= 3.4294 accuracy= 0.4497
Test set results: loss= 3.9460 accuracy= 0.3161
Epoch 400, 梯度匹配loss_avg: 3.0843046147772606
Train set results: loss= 2.1870 accuracy= 0.4826
Test set results: loss= 3.0244 accuracy= 0.3328
Epoch 500, 梯度匹配loss_avg: 3.099239982442653
Train set results: loss= 4.8624 accuracy= 0.4571
Test set results: loss= 4.9080 accuracy= 0.3333
